<?xml version="1.0" encoding="UTF-8"?>
<!-- Generated by org.testng.reporters.JUnitReportReporter -->
<testsuite skipped="0" hostname="PC444908" name="com.test.ties.TestCases.SearchTest" tests="2" failures="0" timestamp="12 Mar 2020 10:15:58 GMT" time="35.258" errors="0">
  <testcase name="Test_AddingSingleTie" time="19.680" classname="com.test.ties.TestCases.SearchTest"/>
  <testcase name="Test_AddingTieWithQunatity" time="15.578" classname="com.test.ties.TestCases.SearchTest"/>
</testsuite> <!-- com.test.ties.TestCases.SearchTest -->
